<?xml version="1.0" encoding="UTF-8"?>
<testsuite xmlns:xsi="http://www.w3.org/2001/XMLSchema-instance" xsi:noNamespaceSchemaLocation="https://maven.apache.org/surefire/maven-surefire-plugin/xsd/surefire-test-report.xsd" name="com.cdio2.GameTest" time="0.094" tests="29" errors="0" skipped="0" failures="0">
  <properties>
    <property name="java.specification.version" value="17"/>
    <property name="sun.cpu.isalist" value="amd64"/>
    <property name="sun.jnu.encoding" value="UTF-8"/>
    <property name="java.class.path" value="C:\Users\crill\Documents\GitHub\CDIO-2\target\test-classes;C:\Users\crill\Documents\GitHub\CDIO-2\target\classes;C:\Users\crill\.m2\repository\junit\junit\4.13.2\junit-4.13.2.jar;C:\Users\crill\.m2\repository\org\hamcrest\hamcrest-core\1.3\hamcrest-core-1.3.jar;C:\Users\crill\.m2\repository\org\junit\jupiter\junit-jupiter-api\5.7.0\junit-jupiter-api-5.7.0.jar;C:\Users\crill\.m2\repository\org\apiguardian\apiguardian-api\1.1.0\apiguardian-api-1.1.0.jar;C:\Users\crill\.m2\repository\org\opentest4j\opentest4j\1.2.0\opentest4j-1.2.0.jar;C:\Users\crill\.m2\repository\org\junit\platform\junit-platform-commons\1.7.0\junit-platform-commons-1.7.0.jar;C:\Users\crill\.m2\repository\org\junit\jupiter\junit-jupiter-engine\5.7.0\junit-jupiter-engine-5.7.0.jar;C:\Users\crill\.m2\repository\org\junit\platform\junit-platform-engine\1.7.0\junit-platform-engine-1.7.0.jar;C:\Users\crill\.m2\repository\org\junit\jupiter\junit-jupiter-params\5.7.0\junit-jupiter-params-5.7.0.jar;"/>
    <property name="java.vm.vendor" value="Eclipse Adoptium"/>
    <property name="sun.arch.data.model" value="64"/>
    <property name="user.variant" value=""/>
    <property name="java.vendor.url" value="https://adoptium.net/"/>
    <property name="user.timezone" value="Europe/Copenhagen"/>
    <property name="os.name" value="Windows 10"/>
    <property name="java.vm.specification.version" value="17"/>
    <property name="sun.java.launcher" value="SUN_STANDARD"/>
    <property name="user.country" value="DK"/>
    <property name="sun.boot.library.path" value="C:\Program Files\Eclipse Adoptium\jdk-17.0.5.8-hotspot\bin"/>
    <property name="sun.java.command" value="C:\Users\crill\AppData\Local\Temp\surefire17192489256278662521\surefirebooter5255874814320792212.jar C:\Users\crill\AppData\Local\Temp\surefire17192489256278662521 2024-10-28T16-13-02_033-jvmRun1 surefire7276975383999015258tmp surefire_09070478223225223226tmp"/>
    <property name="jdk.debug" value="release"/>
    <property name="surefire.test.class.path" value="C:\Users\crill\Documents\GitHub\CDIO-2\target\test-classes;C:\Users\crill\Documents\GitHub\CDIO-2\target\classes;C:\Users\crill\.m2\repository\junit\junit\4.13.2\junit-4.13.2.jar;C:\Users\crill\.m2\repository\org\hamcrest\hamcrest-core\1.3\hamcrest-core-1.3.jar;C:\Users\crill\.m2\repository\org\junit\jupiter\junit-jupiter-api\5.7.0\junit-jupiter-api-5.7.0.jar;C:\Users\crill\.m2\repository\org\apiguardian\apiguardian-api\1.1.0\apiguardian-api-1.1.0.jar;C:\Users\crill\.m2\repository\org\opentest4j\opentest4j\1.2.0\opentest4j-1.2.0.jar;C:\Users\crill\.m2\repository\org\junit\platform\junit-platform-commons\1.7.0\junit-platform-commons-1.7.0.jar;C:\Users\crill\.m2\repository\org\junit\jupiter\junit-jupiter-engine\5.7.0\junit-jupiter-engine-5.7.0.jar;C:\Users\crill\.m2\repository\org\junit\platform\junit-platform-engine\1.7.0\junit-platform-engine-1.7.0.jar;C:\Users\crill\.m2\repository\org\junit\jupiter\junit-jupiter-params\5.7.0\junit-jupiter-params-5.7.0.jar;"/>
    <property name="sun.cpu.endian" value="little"/>
    <property name="user.home" value="C:\Users\crill"/>
    <property name="user.language" value="da"/>
    <property name="java.specification.vendor" value="Oracle Corporation"/>
    <property name="java.version.date" value="2022-10-18"/>
    <property name="java.home" value="C:\Program Files\Eclipse Adoptium\jdk-17.0.5.8-hotspot"/>
    <property name="file.separator" value="\"/>
    <property name="basedir" value="C:\Users\crill\Documents\GitHub\CDIO-2"/>
    <property name="java.vm.compressedOopsMode" value="Zero based"/>
    <property name="line.separator" value="&#10;"/>
    <property name="java.vm.specification.vendor" value="Oracle Corporation"/>
    <property name="java.specification.name" value="Java Platform API Specification"/>
    <property name="surefire.real.class.path" value="C:\Users\crill\AppData\Local\Temp\surefire17192489256278662521\surefirebooter5255874814320792212.jar"/>
    <property name="user.script" value=""/>
    <property name="sun.management.compiler" value="HotSpot 64-Bit Tiered Compilers"/>
    <property name="java.runtime.version" value="17.0.5+8"/>
    <property name="user.name" value="crill"/>
    <property name="path.separator" value=";"/>
    <property name="os.version" value="10.0"/>
    <property name="java.runtime.name" value="OpenJDK Runtime Environment"/>
    <property name="file.encoding" value="UTF-8"/>
    <property name="java.vm.name" value="OpenJDK 64-Bit Server VM"/>
    <property name="java.vendor.version" value="Temurin-17.0.5+8"/>
    <property name="localRepository" value="C:\Users\crill\.m2\repository"/>
    <property name="java.vendor.url.bug" value="https://github.com/adoptium/adoptium-support/issues"/>
    <property name="java.io.tmpdir" value="C:\Users\crill\AppData\Local\Temp\"/>
    <property name="java.version" value="17.0.5"/>
    <property name="user.dir" value="C:\Users\crill\Documents\GitHub\CDIO-2"/>
    <property name="os.arch" value="amd64"/>
    <property name="java.vm.specification.name" value="Java Virtual Machine Specification"/>
    <property name="sun.os.patch.level" value=""/>
    <property name="native.encoding" value="UTF-8"/>
    <property name="java.library.path" value="C:\Program Files\Eclipse Adoptium\jdk-17.0.5.8-hotspot\bin;C:\Windows\Sun\Java\bin;C:\Windows\system32;C:\Windows;C:\Program Files\Eclipse Adoptium\jdk-17.0.5.8-hotspot\bin;C:\Program Files\Eclipse Adoptium\jdk-21.0.2.13-hotspot\bin;C:\Program Files (x86)\Razer\ChromaBroadcast\bin;C:\Program Files\Razer\ChromaBroadcast\bin;C:\Program Files\Common Files\Oracle\Java\javapath;C:\Program Files (x86)\Common Files\Oracle\Java\javapath;C:\Program Files (x86)\Common Files\Intel\Shared Libraries\redist\intel64\compiler;C:\Program Files (x86)\Razer Chroma SDK\bin;C:\Program Files\Razer Chroma SDK\bin;C:\Windows\system32;C:\Windows;C:\Windows\System32\Wbem;C:\Windows\System32\WindowsPowerShell\v1.0\;C:\Windows\System32\OpenSSH\;C:\Program Files\NVIDIA Corporation\NVIDIA NvDLISR;C:\Program Files (x86)\NVIDIA Corporation\PhysX\Common;C:\Users\crill\AppData\Local\Microsoft\WindowsApps;C:\Program Files (x86)\Brackets\command;C:\Program Files\dotnet\;C:\Windows\system32\config\systemprofile\AppData\Local\Microsoft\WindowsApps;C:\Program Files\Git\cmd;D:\Downloads\apache-maven-3.9.9-bin\apache-maven-3.9.9\bin;C:\Users\crill\AppData\Local\Microsoft\WindowsApps;C:\Users\crill\.dotnet\tools;C:\Users\crill\AppData\Local\GitHubDesktop\bin;C:\Users\crill\AppData\Local\Programs\Microsoft VS Code\bin;C:\Program Files (x86)\Jar2Exe Wizard\;."/>
    <property name="java.vm.info" value="mixed mode, sharing"/>
    <property name="java.vendor" value="Eclipse Adoptium"/>
    <property name="java.vm.version" value="17.0.5+8"/>
    <property name="sun.io.unicode.encoding" value="UnicodeLittle"/>
    <property name="java.class.version" value="61.0"/>
  </properties>
  <testcase name="testAddGold{int, int}[1]" classname="com.cdio2.GameTest" time="0.023"/>
  <testcase name="testAddGold{int, int}[2]" classname="com.cdio2.GameTest" time="0"/>
  <testcase name="testAddGold{int, int}[3]" classname="com.cdio2.GameTest" time="0.001"/>
  <testcase name="testAddGold{int, int}[4]" classname="com.cdio2.GameTest" time="0.001"/>
  <testcase name="testAddGold{int, int}[5]" classname="com.cdio2.GameTest" time="0.001"/>
  <testcase name="testAddGold{int, int}[6]" classname="com.cdio2.GameTest" time="0"/>
  <testcase name="testAddGold{int, int}[7]" classname="com.cdio2.GameTest" time="0"/>
  <testcase name="testAddGold{int, int}[8]" classname="com.cdio2.GameTest" time="0"/>
  <testcase name="testAddGold{int, int}[9]" classname="com.cdio2.GameTest" time="0.001"/>
  <testcase name="testAddGold{int, int}[10]" classname="com.cdio2.GameTest" time="0.001"/>
  <testcase name="testAddGold{int, int}[11]" classname="com.cdio2.GameTest" time="0"/>
  <testcase name="testAddGold{int, int}[12]" classname="com.cdio2.GameTest" time="0"/>
  <testcase name="testWinConditionPlayer1" classname="com.cdio2.GameTest" time="0.001"/>
  <testcase name="testWinConditionPlayer2" classname="com.cdio2.GameTest" time="0"/>
  <testcase name="testSendMessage{int, String}[1]" classname="com.cdio2.GameTest" time="0.005"/>
  <testcase name="testSendMessage{int, String}[2]" classname="com.cdio2.GameTest" time="0.001"/>
  <testcase name="testSendMessage{int, String}[3]" classname="com.cdio2.GameTest" time="0.001"/>
  <testcase name="testSendMessage{int, String}[4]" classname="com.cdio2.GameTest" time="0.001"/>
  <testcase name="testSendMessage{int, String}[5]" classname="com.cdio2.GameTest" time="0.001"/>
  <testcase name="testSendMessage{int, String}[6]" classname="com.cdio2.GameTest" time="0"/>
  <testcase name="testSendMessage{int, String}[7]" classname="com.cdio2.GameTest" time="0.001"/>
  <testcase name="testSendMessage{int, String}[8]" classname="com.cdio2.GameTest" time="0.001"/>
  <testcase name="testSendMessage{int, String}[9]" classname="com.cdio2.GameTest" time="0.001"/>
  <testcase name="testSendMessage{int, String}[10]" classname="com.cdio2.GameTest" time="0"/>
  <testcase name="testSendMessage{int, String}[11]" classname="com.cdio2.GameTest" time="0.001"/>
  <testcase name="testSendMessage{int, String}[12]" classname="com.cdio2.GameTest" time="0"/>
  <testcase name="testGoldBalanceNeverNegative" classname="com.cdio2.GameTest" time="0"/>
  <testcase name="testGoldAdditionFromDiceRoll" classname="com.cdio2.GameTest" time="0"/>
  <testcase name="testDiceRollTotalTenTriggersExtraTurn" classname="com.cdio2.GameTest" time="0.003"/>
</testsuite>